\BOOKMARK [1][-]{section*.1}{\376\377\000A\000b\000s\000t\000r\000a\000c\000t}{}% 1
\BOOKMARK [1][-]{section.1}{\376\377\0001\000\040\000I\000n\000t\000r\000o\000d\000u\000c\000t\000i\000o\000n}{}% 2
\BOOKMARK [2][-]{subsection.1.1}{\376\377\0001\000.\0001\000\040\000A\000x\000i\000o\000m\000a\000t\000i\000c\000\040\000l\000o\000g\000i\000c\000\040\000s\000y\000s\000t\000e\000m\000s}{section.1}% 3
\BOOKMARK [2][-]{subsection.1.2}{\376\377\0001\000.\0002\000\040\000P\000r\000o\000p\000o\000s\000i\000t\000i\000o\000n\000a\000l\000\040\000l\000o\000g\000i\000c\000\040\000s\000y\000s\000t\000e\000m\000s}{section.1}% 4
\BOOKMARK [2][-]{subsection.1.3}{\376\377\0001\000.\0003\000\040\000L\000i\000n\000e\000a\000r\000\040\000t\000e\000m\000p\000o\000r\000a\000l\000\040\000l\000o\000g\000i\000c\000\040\000s\000y\000s\000t\000e\000m\000s}{section.1}% 5
\BOOKMARK [1][-]{section.2}{\376\377\0002\000\040\000B\000a\000c\000k\000g\000r\000o\000u\000n\000d}{}% 6
\BOOKMARK [2][-]{subsection.2.1}{\376\377\0002\000.\0001\000\040\000E\000q\000u\000a\000t\000i\000o\000n\000a\000l\000\040\000D\000e\000d\000u\000c\000t\000i\000v\000e\000\040\000S\000y\000s\000t\000e\000m\000s}{section.2}% 7
\BOOKMARK [2][-]{subsection.2.2}{\376\377\0002\000.\0002\000\040\000L\000i\000n\000e\000a\000r\000\040\000T\000e\000m\000p\000o\000r\000a\000l\000\040\000L\000o\000g\000i\000c}{section.2}% 8
\BOOKMARK [1][-]{section.3}{\376\377\0003\000\040\000T\000h\000e\000\040\000E\000q\000u\000a\000t\000i\000o\000n\000a\000l\000\040\000T\000e\000m\000p\000o\000r\000a\000l\000\040\000S\000y\000s\000t\000e\000m}{}% 9
\BOOKMARK [2][-]{subsection.3.1}{\376\377\0003\000.\0001\000\040\000N\000e\000x\000t}{section.3}% 10
\BOOKMARK [2][-]{subsection.3.2}{\376\377\0003\000.\0002\000\040\000U\000n\000t\000i\000l}{section.3}% 11
\BOOKMARK [2][-]{subsection.3.3}{\376\377\0003\000.\0003\000\040\000E\000v\000e\000n\000t\000u\000a\000l\000l\000y}{section.3}% 12
\BOOKMARK [2][-]{subsection.3.4}{\376\377\0003\000.\0004\000\040\000A\000l\000w\000a\000y\000s}{section.3}% 13
\BOOKMARK [2][-]{subsection.3.5}{\376\377\0003\000.\0005\000\040\000T\000e\000m\000p\000o\000r\000a\000l\000\040\000d\000e\000d\000u\000c\000t\000i\000o\000n}{section.3}% 14
\BOOKMARK [2][-]{subsection.3.6}{\376\377\0003\000.\0006\000\040\000A\000l\000w\000a\000y\000s\000,\000\040\000c\000o\000n\000t\000i\000n\000u\000e\000d}{section.3}% 15
\BOOKMARK [2][-]{subsection.3.7}{\376\377\0003\000.\0007\000\040\000P\000r\000o\000o\000f\000\040\000m\000e\000t\000a\000t\000h\000e\000o\000r\000e\000m\000s}{section.3}% 16
\BOOKMARK [2][-]{subsection.3.8}{\376\377\0003\000.\0008\000\040\000A\000l\000w\000a\000y\000s\000,\000\040\000c\000o\000n\000t\000i\000n\000u\000e\000d}{section.3}% 17
\BOOKMARK [2][-]{subsection.3.9}{\376\377\0003\000.\0009\000\040\000W\000a\000i\000t}{section.3}% 18
\BOOKMARK [1][-]{section.4}{\376\377\0004\000\040\000C\000o\000m\000p\000a\000r\000i\000s\000o\000n\000\040\000w\000i\000t\000h\000\040\000p\000r\000e\000v\000i\000o\000u\000s\000\040\000w\000o\000r\000k}{}% 19
\BOOKMARK [2][-]{subsection.4.1}{\376\377\0004\000.\0001\000\040\000S\000u\000r\000v\000e\000y\000\040\000o\000f\000\040\000L\000T\000L\000\040\000d\000e\000d\000u\000c\000t\000i\000v\000e\000\040\000s\000y\000s\000t\000e\000m\000s}{section.4}% 20
\BOOKMARK [2][-]{subsection.4.2}{\376\377\0004\000.\0002\000\040\000C\000o\000m\000p\000a\000r\000i\000s\000o\000n\000\040\000o\000f\000\040\000L\000T\000L\000\040\000d\000e\000d\000u\000c\000t\000i\000v\000e\000\040\000s\000y\000s\000t\000e\000m\000s}{section.4}% 21
\BOOKMARK [1][-]{section.5}{\376\377\0005\000\040\000C\000o\000n\000c\000l\000u\000s\000i\000o\000n}{}% 22
\BOOKMARK [1][-]{section.6}{\376\377\0006\000\040\000S\000u\000p\000p\000l\000e\000m\000e\000n\000t\000a\000r\000y\000\040\000M\000a\000t\000e\000r\000i\000a\000l\000s}{}% 23
\BOOKMARK [2][-]{subsection.6.1}{\376\377\0006\000.\0001\000\040\000T\000h\000i\000s\000\040\000i\000s\000\040\000a\000n\000\040\000E\000x\000a\000m\000p\000l\000e\000\040\000o\000f\000\040\000A\000p\000p\000e\000n\000d\000i\000x\000\040\000S\000u\000b\000s\000e\000c\000t\000i\000o\000n\000\040\000H\000e\000a\000d}{section.6}% 24
\BOOKMARK [2][-]{subsection.6.2}{\376\377\0006\000.\0002\000\040\000A\000p\000p\000e\000n\000d\000i\000x\000\040\000S\000u\000b\000s\000e\000c\000t\000i\000o\000n\000\040\000H\000e\000a\000d}{section.6}% 25
\BOOKMARK [1][-]{section*.14}{\376\377\000A\000c\000k\000n\000o\000w\000l\000e\000d\000g\000m\000e\000n\000t\000s}{}% 26
\BOOKMARK [1][-]{section*.16}{\376\377\000R\000e\000f\000e\000r\000e\000n\000c\000e\000s}{}% 27
